health = priority
|---has_nurs = proper
|---|---parents = great_pret
|---|---|---housing = convenient
|---|---|---|---finance = convenient
|---|---|---|---|---priority
|---|---|---|---finance = inconv
|---|---|---|---|---children = 1
|---|---|---|---|---|---form = completed
|---|---|---|---|---|---|---priority
|---|---|---|---|---|---form = foster
|---|---|---|---|---|---|---spec_prior
|---|---|---|---|---|---form = complete
|---|---|---|---|---|---|---priority
|---|---|---|---|---|---form = incomplete
|---|---|---|---|---|---|---priority
|---|---|---|---|---children = 3
|---|---|---|---|---|---spec_prior
|---|---|---|---|---children = 2
|---|---|---|---|---|---form = completed
|---|---|---|---|---|---|---priority
|---|---|---|---|---|---form = foster
|---|---|---|---|---|---|---spec_prior
|---|---|---|---|---|---form = complete
|---|---|---|---|---|---|---priority
|---|---|---|---|---|---form = incomplete
|---|---|---|---|---|---|---spec_prior
|---|---|---|---|---children = more
|---|---|---|---|---|---spec_prior
|---|---|---housing = critical
|---|---|---|---form = completed
|---|---|---|---|---spec_prior
|---|---|---|---form = foster
|---|---|---|---|---spec_prior
|---|---|---|---form = complete
|---|---|---|---|---children = 1
|---|---|---|---|---|---priority
|---|---|---|---|---children = 3
|---|---|---|---|---|---spec_prior
|---|---|---|---|---children = 2
|---|---|---|---|---|---spec_prior
|---|---|---|---|---children = more
|---|---|---|---|---|---spec_prior
|---|---|---|---form = incomplete
|---|---|---|---|---spec_prior
|---|---|---housing = less_conv
|---|---|---|---children = 1
|---|---|---|---|---form = completed
|---|---|---|---|---|---priority
|---|---|---|---|---form = foster
|---|---|---|---|---|---spec_prior
|---|---|---|---|---form = complete
|---|---|---|---|---|---priority
|---|---|---|---|---form = incomplete
|---|---|---|---|---|---priority
|---|---|---|---children = 3
|---|---|---|---|---spec_prior
|---|---|---|---children = 2
|---|---|---|---|---form = completed
|---|---|---|---|---|---priority
|---|---|---|---|---form = foster
|---|---|---|---|---|---spec_prior
|---|---|---|---|---form = complete
|---|---|---|---|---|---priority
|---|---|---|---|---form = incomplete
|---|---|---|---|---|---spec_prior
|---|---|---|---children = more
|---|---|---|---|---spec_prior
|---|---parents = pretentious
|---|---|---priority
|---|---parents = usual
|---|---|---priority
|---has_nurs = improper
|---|---parents = great_pret
|---|---|---form = completed
|---|---|---|---spec_prior
|---|---|---form = foster
|---|---|---|---spec_prior
|---|---|---form = complete
|---|---|---|---children = 1
|---|---|---|---|---housing = convenient
|---|---|---|---|---|---finance = convenient
|---|---|---|---|---|---|---priority
|---|---|---|---|---|---finance = inconv
|---|---|---|---|---|---|---spec_prior
|---|---|---|---|---housing = critical
|---|---|---|---|---|---spec_prior
|---|---|---|---|---housing = less_conv
|---|---|---|---|---|---spec_prior
|---|---|---|---children = 3
|---|---|---|---|---spec_prior
|---|---|---|---children = 2
|---|---|---|---|---spec_prior
|---|---|---|---children = more
|---|---|---|---|---spec_prior
|---|---|---form = incomplete
|---|---|---|---spec_prior
|---|---parents = pretentious
|---|---|---housing = convenient
|---|---|---|---finance = convenient
|---|---|---|---|---priority
|---|---|---|---finance = inconv
|---|---|---|---|---children = 1
|---|---|---|---|---|---form = completed
|---|---|---|---|---|---|---priority
|---|---|---|---|---|---form = foster
|---|---|---|---|---|---|---spec_prior
|---|---|---|---|---|---form = complete
|---|---|---|---|---|---|---priority
|---|---|---|---|---|---form = incomplete
|---|---|---|---|---|---|---priority
|---|---|---|---|---children = 3
|---|---|---|---|---|---spec_prior
|---|---|---|---|---children = 2
|---|---|---|---|---|---form = completed
|---|---|---|---|---|---|---priority
|---|---|---|---|---|---form = foster
|---|---|---|---|---|---|---spec_prior
|---|---|---|---|---|---form = complete
|---|---|---|---|---|---|---priority
|---|---|---|---|---|---form = incomplete
|---|---|---|---|---|---|---spec_prior
|---|---|---|---|---children = more
|---|---|---|---|---|---spec_prior
|---|---|---housing = critical
|---|---|---|---form = completed
|---|---|---|---|---spec_prior
|---|---|---|---form = foster
|---|---|---|---|---spec_prior
|---|---|---|---form = complete
|---|---|---|---|---children = 1
|---|---|---|---|---|---priority
|---|---|---|---|---children = 3
|---|---|---|---|---|---spec_prior
|---|---|---|---|---children = 2
|---|---|---|---|---|---spec_prior
|---|---|---|---|---children = more
|---|---|---|---|---|---spec_prior
|---|---|---|---form = incomplete
|---|---|---|---|---spec_prior
|---|---|---housing = less_conv
|---|---|---|---children = 1
|---|---|---|---|---form = completed
|---|---|---|---|---|---priority
|---|---|---|---|---form = foster
|---|---|---|---|---|---spec_prior
|---|---|---|---|---form = complete
|---|---|---|---|---|---priority
|---|---|---|---|---form = incomplete
|---|---|---|---|---|---priority
|---|---|---|---children = 3
|---|---|---|---|---spec_prior
|---|---|---|---children = 2
|---|---|---|---|---form = completed
|---|---|---|---|---|---priority
|---|---|---|---|---form = foster
|---|---|---|---|---|---spec_prior
|---|---|---|---|---form = complete
|---|---|---|---|---|---priority
|---|---|---|---|---form = incomplete
|---|---|---|---|---|---spec_prior
|---|---|---|---children = more
|---|---|---|---|---spec_prior
|---|---parents = usual
|---|---|---priority
|---has_nurs = very_crit
|---|---form = completed
|---|---|---spec_prior
|---|---form = foster
|---|---|---spec_prior
|---|---form = complete
|---|---|---children = 1
|---|---|---|---housing = convenient
|---|---|---|---|---finance = convenient
|---|---|---|---|---|---priority
|---|---|---|---|---finance = inconv
|---|---|---|---|---|---spec_prior
|---|---|---|---housing = critical
|---|---|---|---|---spec_prior
|---|---|---|---housing = less_conv
|---|---|---|---|---spec_prior
|---|---|---children = 3
|---|---|---|---spec_prior
|---|---|---children = 2
|---|---|---|---spec_prior
|---|---|---children = more
|---|---|---|---spec_prior
|---|---form = incomplete
|---|---|---spec_prior
|---has_nurs = less_proper
|---|---parents = great_pret
|---|---|---housing = convenient
|---|---|---|---finance = convenient
|---|---|---|---|---priority
|---|---|---|---finance = inconv
|---|---|---|---|---children = 1
|---|---|---|---|---|---form = completed
|---|---|---|---|---|---|---priority
|---|---|---|---|---|---form = foster
|---|---|---|---|---|---|---spec_prior
|---|---|---|---|---|---form = complete
|---|---|---|---|---|---|---priority
|---|---|---|---|---|---form = incomplete
|---|---|---|---|---|---|---priority
|---|---|---|---|---children = 3
|---|---|---|---|---|---spec_prior
|---|---|---|---|---children = 2
|---|---|---|---|---|---form = completed
|---|---|---|---|---|---|---priority
|---|---|---|---|---|---form = foster
|---|---|---|---|---|---|---spec_prior
|---|---|---|---|---|---form = complete
|---|---|---|---|---|---|---priority
|---|---|---|---|---|---form = incomplete
|---|---|---|---|---|---|---spec_prior
|---|---|---|---|---children = more
|---|---|---|---|---|---spec_prior
|---|---|---housing = critical
|---|---|---|---form = completed
|---|---|---|---|---spec_prior
|---|---|---|---form = foster
|---|---|---|---|---spec_prior
|---|---|---|---form = complete
|---|---|---|---|---children = 1
|---|---|---|---|---|---priority
|---|---|---|---|---children = 3
|---|---|---|---|---|---spec_prior
|---|---|---|---|---children = 2
|---|---|---|---|---|---spec_prior
|---|---|---|---|---children = more
|---|---|---|---|---|---spec_prior
|---|---|---|---form = incomplete
|---|---|---|---|---spec_prior
|---|---|---housing = less_conv
|---|---|---|---children = 1
|---|---|---|---|---form = completed
|---|---|---|---|---|---priority
|---|---|---|---|---form = foster
|---|---|---|---|---|---spec_prior
|---|---|---|---|---form = complete
|---|---|---|---|---|---priority
|---|---|---|---|---form = incomplete
|---|---|---|---|---|---priority
|---|---|---|---children = 3
|---|---|---|---|---spec_prior
|---|---|---|---children = 2
|---|---|---|---|---form = completed
|---|---|---|---|---|---priority
|---|---|---|---|---form = foster
|---|---|---|---|---|---spec_prior
|---|---|---|---|---form = complete
|---|---|---|---|---|---priority
|---|---|---|---|---form = incomplete
|---|---|---|---|---|---spec_prior
|---|---|---|---children = more
|---|---|---|---|---spec_prior
|---|---parents = pretentious
|---|---|---priority
|---|---parents = usual
|---|---|---priority
|---has_nurs = critical
|---|---parents = great_pret
|---|---|---form = completed
|---|---|---|---spec_prior
|---|---|---form = foster
|---|---|---|---spec_prior
|---|---|---form = complete
|---|---|---|---children = 1
|---|---|---|---|---housing = convenient
|---|---|---|---|---|---finance = convenient
|---|---|---|---|---|---|---priority
|---|---|---|---|---|---finance = inconv
|---|---|---|---|---|---|---spec_prior
|---|---|---|---|---housing = critical
|---|---|---|---|---|---spec_prior
|---|---|---|---|---housing = less_conv
|---|---|---|---|---|---spec_prior
|---|---|---|---children = 3
|---|---|---|---|---spec_prior
|---|---|---|---children = 2
|---|---|---|---|---spec_prior
|---|---|---|---children = more
|---|---|---|---|---spec_prior
|---|---|---form = incomplete
|---|---|---|---spec_prior
|---|---parents = pretentious
|---|---|---form = completed
|---|---|---|---spec_prior
|---|---|---form = foster
|---|---|---|---spec_prior
|---|---|---form = complete
|---|---|---|---children = 1
|---|---|---|---|---housing = convenient
|---|---|---|---|---|---finance = convenient
|---|---|---|---|---|---|---priority
|---|---|---|---|---|---finance = inconv
|---|---|---|---|---|---|---spec_prior
|---|---|---|---|---housing = critical
|---|---|---|---|---|---spec_prior
|---|---|---|---|---housing = less_conv
|---|---|---|---|---|---spec_prior
|---|---|---|---children = 3
|---|---|---|---|---spec_prior
|---|---|---|---children = 2
|---|---|---|---|---spec_prior
|---|---|---|---children = more
|---|---|---|---|---spec_prior
|---|---|---form = incomplete
|---|---|---|---spec_prior
|---|---parents = usual
|---|---|---housing = convenient
|---|---|---|---finance = convenient
|---|---|---|---|---priority
|---|---|---|---finance = inconv
|---|---|---|---|---children = 1
|---|---|---|---|---|---form = completed
|---|---|---|---|---|---|---priority
|---|---|---|---|---|---form = foster
|---|---|---|---|---|---|---spec_prior
|---|---|---|---|---|---form = complete
|---|---|---|---|---|---|---priority
|---|---|---|---|---|---form = incomplete
|---|---|---|---|---|---|---priority
|---|---|---|---|---children = 3
|---|---|---|---|---|---spec_prior
|---|---|---|---|---children = 2
|---|---|---|---|---|---form = completed
|---|---|---|---|---|---|---priority
|---|---|---|---|---|---form = foster
|---|---|---|---|---|---|---spec_prior
|---|---|---|---|---|---form = complete
|---|---|---|---|---|---|---priority
|---|---|---|---|---|---form = incomplete
|---|---|---|---|---|---|---spec_prior
|---|---|---|---|---children = more
|---|---|---|---|---|---spec_prior
|---|---|---housing = critical
|---|---|---|---form = completed
|---|---|---|---|---spec_prior
|---|---|---|---form = foster
|---|---|---|---|---spec_prior
|---|---|---|---form = complete
|---|---|---|---|---children = 1
|---|---|---|---|---|---priority
|---|---|---|---|---children = 3
|---|---|---|---|---|---spec_prior
|---|---|---|---|---children = 2
|---|---|---|---|---|---spec_prior
|---|---|---|---|---children = more
|---|---|---|---|---|---spec_prior
|---|---|---|---form = incomplete
|---|---|---|---|---spec_prior
|---|---|---housing = less_conv
|---|---|---|---children = 1
|---|---|---|---|---form = completed
|---|---|---|---|---|---priority
|---|---|---|---|---form = foster
|---|---|---|---|---|---spec_prior
|---|---|---|---|---form = complete
|---|---|---|---|---|---priority
|---|---|---|---|---form = incomplete
|---|---|---|---|---|---priority
|---|---|---|---children = 3
|---|---|---|---|---spec_prior
|---|---|---|---children = 2
|---|---|---|---|---form = completed
|---|---|---|---|---|---priority
|---|---|---|---|---form = foster
|---|---|---|---|---|---spec_prior
|---|---|---|---|---form = complete
|---|---|---|---|---|---priority
|---|---|---|---|---form = incomplete
|---|---|---|---|---|---spec_prior
|---|---|---|---children = more
|---|---|---|---|---spec_prior
health = recommended
|---has_nurs = proper
|---|---parents = great_pret
|---|---|---social = problematic
|---|---|---|---housing = convenient
|---|---|---|---|---finance = convenient
|---|---|---|---|---|---priority
|---|---|---|---|---finance = inconv
|---|---|---|---|---|---children = 1
|---|---|---|---|---|---|---form = completed
|---|---|---|---|---|---|---|---priority
|---|---|---|---|---|---|---form = foster
|---|---|---|---|---|---|---|---spec_prior
|---|---|---|---|---|---|---form = complete
|---|---|---|---|---|---|---|---priority
|---|---|---|---|---|---|---form = incomplete
|---|---|---|---|---|---|---|---priority
|---|---|---|---|---|---children = 3
|---|---|---|---|---|---|---spec_prior
|---|---|---|---|---|---children = 2
|---|---|---|---|---|---|---form = completed
|---|---|---|---|---|---|---|---priority
|---|---|---|---|---|---|---form = foster
|---|---|---|---|---|---|---|---spec_prior
|---|---|---|---|---|---|---form = complete
|---|---|---|---|---|---|---|---priority
|---|---|---|---|---|---|---form = incomplete
|---|---|---|---|---|---|---|---spec_prior
|---|---|---|---|---|---children = more
|---|---|---|---|---|---|---spec_prior
|---|---|---|---housing = critical
|---|---|---|---|---form = completed
|---|---|---|---|---|---spec_prior
|---|---|---|---|---form = foster
|---|---|---|---|---|---spec_prior
|---|---|---|---|---form = complete
|---|---|---|---|---|---children = 1
|---|---|---|---|---|---|---priority
|---|---|---|---|---|---children = 3
|---|---|---|---|---|---|---spec_prior
|---|---|---|---|---|---children = 2
|---|---|---|---|---|---|---spec_prior
|---|---|---|---|---|---children = more
|---|---|---|---|---|---|---spec_prior
|---|---|---|---|---form = incomplete
|---|---|---|---|---|---spec_prior
|---|---|---|---housing = less_conv
|---|---|---|---|---children = 1
|---|---|---|---|---|---form = completed
|---|---|---|---|---|---|---priority
|---|---|---|---|---|---form = foster
|---|---|---|---|---|---|---spec_prior
|---|---|---|---|---|---form = complete
|---|---|---|---|---|---|---priority
|---|---|---|---|---|---form = incomplete
|---|---|---|---|---|---|---priority
|---|---|---|---|---children = 3
|---|---|---|---|---|---spec_prior
|---|---|---|---|---children = 2
|---|---|---|---|---|---form = completed
|---|---|---|---|---|---|---priority
|---|---|---|---|---|---form = foster
|---|---|---|---|---|---|---spec_prior
|---|---|---|---|---|---form = complete
|---|---|---|---|---|---|---priority
|---|---|---|---|---|---form = incomplete
|---|---|---|---|---|---|---spec_prior
|---|---|---|---|---children = more
|---|---|---|---|---|---spec_prior
|---|---|---social = slightly_prob
|---|---|---|---priority
|---|---|---social = nonprob
|---|---|---|---priority
|---|---parents = pretentious
|---|---|---social = problematic
|---|---|---|---priority
|---|---|---social = slightly_prob
|---|---|---|---housing = convenient
|---|---|---|---|---finance = convenient
|---|---|---|---|---|---very_recom
|---|---|---|---|---finance = inconv
|---|---|---|---|---|---children = 1
|---|---|---|---|---|---|---form = completed
|---|---|---|---|---|---|---|---very_recom
|---|---|---|---|---|---|---form = foster
|---|---|---|---|---|---|---|---priority
|---|---|---|---|---|---|---form = complete
|---|---|---|---|---|---|---|---very_recom
|---|---|---|---|---|---|---form = incomplete
|---|---|---|---|---|---|---|---very_recom
|---|---|---|---|---|---children = 3
|---|---|---|---|---|---|---priority
|---|---|---|---|---|---children = 2
|---|---|---|---|---|---|---form = completed
|---|---|---|---|---|---|---|---very_recom
|---|---|---|---|---|---|---form = foster
|---|---|---|---|---|---|---|---priority
|---|---|---|---|---|---|---form = complete
|---|---|---|---|---|---|---|---very_recom
|---|---|---|---|---|---|---form = incomplete
|---|---|---|---|---|---|---|---priority
|---|---|---|---|---|---children = more
|---|---|---|---|---|---|---priority
|---|---|---|---housing = critical
|---|---|---|---|---form = completed
|---|---|---|---|---|---priority
|---|---|---|---|---form = foster
|---|---|---|---|---|---priority
|---|---|---|---|---form = complete
|---|---|---|---|---|---children = 1
|---|---|---|---|---|---|---very_recom
|---|---|---|---|---|---children = 3
|---|---|---|---|---|---|---priority
|---|---|---|---|---|---children = 2
|---|---|---|---|---|---|---priority
|---|---|---|---|---|---children = more
|---|---|---|---|---|---|---priority
|---|---|---|---|---form = incomplete
|---|---|---|---|---|---priority
|---|---|---|---housing = less_conv
|---|---|---|---|---children = 1
|---|---|---|---|---|---form = completed
|---|---|---|---|---|---|---very_recom
|---|---|---|---|---|---form = foster
|---|---|---|---|---|---|---priority
|---|---|---|---|---|---form = complete
|---|---|---|---|---|---|---very_recom
|---|---|---|---|---|---form = incomplete
|---|---|---|---|---|---|---very_recom
|---|---|---|---|---children = 3
|---|---|---|---|---|---priority
|---|---|---|---|---children = 2
|---|---|---|---|---|---form = completed
|---|---|---|---|---|---|---very_recom
|---|---|---|---|---|---form = foster
|---|---|---|---|---|---|---priority
|---|---|---|---|---|---form = complete
|---|---|---|---|---|---|---very_recom
|---|---|---|---|---|---form = incomplete
|---|---|---|---|---|---|---priority
|---|---|---|---|---children = more
|---|---|---|---|---|---priority
|---|---|---social = nonprob
|---|---|---|---housing = convenient
|---|---|---|---|---finance = convenient
|---|---|---|---|---|---very_recom
|---|---|---|---|---finance = inconv
|---|---|---|---|---|---children = 1
|---|---|---|---|---|---|---form = completed
|---|---|---|---|---|---|---|---very_recom
|---|---|---|---|---|---|---form = foster
|---|---|---|---|---|---|---|---priority
|---|---|---|---|---|---|---form = complete
|---|---|---|---|---|---|---|---very_recom
|---|---|---|---|---|---|---form = incomplete
|---|---|---|---|---|---|---|---very_recom
|---|---|---|---|---|---children = 3
|---|---|---|---|---|---|---priority
|---|---|---|---|---|---children = 2
|---|---|---|---|---|---|---form = completed
|---|---|---|---|---|---|---|---very_recom
|---|---|---|---|---|---|---form = foster
|---|---|---|---|---|---|---|---priority
|---|---|---|---|---|---|---form = complete
|---|---|---|---|---|---|---|---very_recom
|---|---|---|---|---|---|---form = incomplete
|---|---|---|---|---|---|---|---priority
|---|---|---|---|---|---children = more
|---|---|---|---|---|---|---priority
|---|---|---|---housing = critical
|---|---|---|---|---form = completed
|---|---|---|---|---|---priority
|---|---|---|---|---form = foster
|---|---|---|---|---|---priority
|---|---|---|---|---form = complete
|---|---|---|---|---|---children = 1
|---|---|---|---|---|---|---very_recom
|---|---|---|---|---|---children = 3
|---|---|---|---|---|---|---priority
|---|---|---|---|---|---children = 2
|---|---|---|---|---|---|---priority
|---|---|---|---|---|---children = more
|---|---|---|---|---|---|---priority
|---|---|---|---|---form = incomplete
|---|---|---|---|---|---priority
|---|---|---|---housing = less_conv
|---|---|---|---|---children = 1
|---|---|---|---|---|---form = completed
|---|---|---|---|---|---|---very_recom
|---|---|---|---|---|---form = foster
|---|---|---|---|---|---|---priority
|---|---|---|---|---|---form = complete
|---|---|---|---|---|---|---very_recom
|---|---|---|---|---|---form = incomplete
|---|---|---|---|---|---|---very_recom
|---|---|---|---|---children = 3
|---|---|---|---|---|---priority
|---|---|---|---|---children = 2
|---|---|---|---|---|---form = completed
|---|---|---|---|---|---|---very_recom
|---|---|---|---|---|---form = foster
|---|---|---|---|---|---|---priority
|---|---|---|---|---|---form = complete
|---|---|---|---|---|---|---very_recom
|---|---|---|---|---|---form = incomplete
|---|---|---|---|---|---|---priority
|---|---|---|---|---children = more
|---|---|---|---|---|---priority
|---|---parents = usual
|---|---|---social = problematic
|---|---|---|---priority
|---|---|---social = slightly_prob
|---|---|---|---housing = convenient
|---|---|---|---|---finance = convenient
|---|---|---|---|---|---form = completed
|---|---|---|---|---|---|---very_recom
|---|---|---|---|---|---form = foster
|---|---|---|---|---|---|---very_recom
|---|---|---|---|---|---form = complete
|---|---|---|---|---|---|---children = 1
|---|---|---|---|---|---|---|---recommend
|---|---|---|---|---|---|---children = 3
|---|---|---|---|---|---|---|---very_recom
|---|---|---|---|---|---|---children = 2
|---|---|---|---|---|---|---|---very_recom
|---|---|---|---|---|---|---children = more
|---|---|---|---|---|---|---|---very_recom
|---|---|---|---|---|---form = incomplete
|---|---|---|---|---|---|---very_recom
|---|---|---|---|---finance = inconv
|---|---|---|---|---|---children = 1
|---|---|---|---|---|---|---form = completed
|---|---|---|---|---|---|---|---very_recom
|---|---|---|---|---|---|---form = foster
|---|---|---|---|---|---|---|---priority
|---|---|---|---|---|---|---form = complete
|---|---|---|---|---|---|---|---very_recom
|---|---|---|---|---|---|---form = incomplete
|---|---|---|---|---|---|---|---very_recom
|---|---|---|---|---|---children = 3
|---|---|---|---|---|---|---priority
|---|---|---|---|---|---children = 2
|---|---|---|---|---|---|---form = completed
|---|---|---|---|---|---|---|---very_recom
|---|---|---|---|---|---|---form = foster
|---|---|---|---|---|---|---|---priority
|---|---|---|---|---|---|---form = complete
|---|---|---|---|---|---|---|---very_recom
|---|---|---|---|---|---|---form = incomplete
|---|---|---|---|---|---|---|---priority
|---|---|---|---|---|---children = more
|---|---|---|---|---|---|---priority
|---|---|---|---housing = critical
|---|---|---|---|---form = completed
|---|---|---|---|---|---priority
|---|---|---|---|---form = foster
|---|---|---|---|---|---priority
|---|---|---|---|---form = complete
|---|---|---|---|---|---children = 1
|---|---|---|---|---|---|---very_recom
|---|---|---|---|---|---children = 3
|---|---|---|---|---|---|---priority
|---|---|---|---|---|---children = 2
|---|---|---|---|---|---|---priority
|---|---|---|---|---|---children = more
|---|---|---|---|---|---|---priority
|---|---|---|---|---form = incomplete
|---|---|---|---|---|---priority
|---|---|---|---housing = less_conv
|---|---|---|---|---children = 1
|---|---|---|---|---|---form = completed
|---|---|---|---|---|---|---very_recom
|---|---|---|---|---|---form = foster
|---|---|---|---|---|---|---priority
|---|---|---|---|---|---form = complete
|---|---|---|---|---|---|---very_recom
|---|---|---|---|---|---form = incomplete
|---|---|---|---|---|---|---very_recom
|---|---|---|---|---children = 3
|---|---|---|---|---|---priority
|---|---|---|---|---children = 2
|---|---|---|---|---|---form = completed
|---|---|---|---|---|---|---very_recom
|---|---|---|---|---|---form = foster
|---|---|---|---|---|---|---priority
|---|---|---|---|---|---form = complete
|---|---|---|---|---|---|---very_recom
|---|---|---|---|---|---form = incomplete
|---|---|---|---|---|---|---priority
|---|---|---|---|---children = more
|---|---|---|---|---|---priority
|---|---|---social = nonprob
|---|---|---|---housing = convenient
|---|---|---|---|---finance = convenient
|---|---|---|---|---|---form = completed
|---|---|---|---|---|---|---very_recom
|---|---|---|---|---|---form = foster
|---|---|---|---|---|---|---very_recom
|---|---|---|---|---|---form = complete
|---|---|---|---|---|---|---children = 1
|---|---|---|---|---|---|---|---recommend
|---|---|---|---|---|---|---children = 3
|---|---|---|---|---|---|---|---very_recom
|---|---|---|---|---|---|---children = 2
|---|---|---|---|---|---|---|---very_recom
|---|---|---|---|---|---|---children = more
|---|---|---|---|---|---|---|---very_recom
|---|---|---|---|---|---form = incomplete
|---|---|---|---|---|---|---very_recom
|---|---|---|---|---finance = inconv
|---|---|---|---|---|---children = 1
|---|---|---|---|---|---|---form = completed
|---|---|---|---|---|---|---|---very_recom
|---|---|---|---|---|---|---form = foster
|---|---|---|---|---|---|---|---priority
|---|---|---|---|---|---|---form = complete
|---|---|---|---|---|---|---|---very_recom
|---|---|---|---|---|---|---form = incomplete
|---|---|---|---|---|---|---|---very_recom
|---|---|---|---|---|---children = 3
|---|---|---|---|---|---|---priority
|---|---|---|---|---|---children = 2
|---|---|---|---|---|---|---form = completed
|---|---|---|---|---|---|---|---very_recom
|---|---|---|---|---|---|---form = foster
|---|---|---|---|---|---|---|---priority
|---|---|---|---|---|---|---form = complete
|---|---|---|---|---|---|---|---very_recom
|---|---|---|---|---|---|---form = incomplete
|---|---|---|---|---|---|---|---priority
|---|---|---|---|---|---children = more
|---|---|---|---|---|---|---priority
|---|---|---|---housing = critical
|---|---|---|---|---form = completed
|---|---|---|---|---|---priority
|---|---|---|---|---form = foster
|---|---|---|---|---|---priority
|---|---|---|---|---form = complete
|---|---|---|---|---|---children = 1
|---|---|---|---|---|---|---very_recom
|---|---|---|---|---|---children = 3
|---|---|---|---|---|---|---priority
|---|---|---|---|---|---children = 2
|---|---|---|---|---|---|---priority
|---|---|---|---|---|---children = more
|---|---|---|---|---|---|---priority
|---|---|---|---|---form = incomplete
|---|---|---|---|---|---priority
|---|---|---|---housing = less_conv
|---|---|---|---|---children = 1
|---|---|---|---|---|---form = completed
|---|---|---|---|---|---|---very_recom
|---|---|---|---|---|---form = foster
|---|---|---|---|---|---|---priority
|---|---|---|---|---|---form = complete
|---|---|---|---|---|---|---very_recom
|---|---|---|---|---|---form = incomplete
|---|---|---|---|---|---|---very_recom
|---|---|---|---|---children = 3
|---|---|---|---|---|---priority
|---|---|---|---|---children = 2
|---|---|---|---|---|---form = completed
|---|---|---|---|---|---|---very_recom
|---|---|---|---|---|---form = foster
|---|---|---|---|---|---|---priority
|---|---|---|---|---|---form = complete
|---|---|---|---|---|---|---very_recom
|---|---|---|---|---|---form = incomplete
|---|---|---|---|---|---|---priority
|---|---|---|---|---children = more
|---|---|---|---|---|---priority
|---has_nurs = improper
|---|---parents = great_pret
|---|---|---social = problematic
|---|---|---|---form = completed
|---|---|---|---|---spec_prior
|---|---|---|---form = foster
|---|---|---|---|---spec_prior
|---|---|---|---form = complete
|---|---|---|---|---children = 1
|---|---|---|---|---|---housing = convenient
|---|---|---|---|---|---|---finance = convenient
|---|---|---|---|---|---|---|---priority
|---|---|---|---|---|---|---finance = inconv
|---|---|---|---|---|---|---|---spec_prior
|---|---|---|---|---|---housing = critical
|---|---|---|---|---|---|---spec_prior
|---|---|---|---|---|---housing = less_conv
|---|---|---|---|---|---|---spec_prior
|---|---|---|---|---children = 3
|---|---|---|---|---|---spec_prior
|---|---|---|---|---children = 2
|---|---|---|---|---|---spec_prior
|---|---|---|---|---children = more
|---|---|---|---|---|---spec_prior
|---|---|---|---form = incomplete
|---|---|---|---|---spec_prior
|---|---|---social = slightly_prob
|---|---|---|---housing = convenient
|---|---|---|---|---finance = convenient
|---|---|---|---|---|---priority
|---|---|---|---|---finance = inconv
|---|---|---|---|---|---children = 1
|---|---|---|---|---|---|---form = completed
|---|---|---|---|---|---|---|---priority
|---|---|---|---|---|---|---form = foster
|---|---|---|---|---|---|---|---spec_prior
|---|---|---|---|---|---|---form = complete
|---|---|---|---|---|---|---|---priority
|---|---|---|---|---|---|---form = incomplete
|---|---|---|---|---|---|---|---priority
|---|---|---|---|---|---children = 3
|---|---|---|---|---|---|---spec_prior
|---|---|---|---|---|---children = 2
|---|---|---|---|---|---|---form = completed
|---|---|---|---|---|---|---|---priority
|---|---|---|---|---|---|---form = foster
|---|---|---|---|---|---|---|---spec_prior
|---|---|---|---|---|---|---form = complete
|---|---|---|---|---|---|---|---priority
|---|---|---|---|---|---|---form = incomplete
|---|---|---|---|---|---|---|---spec_prior
|---|---|---|---|---|---children = more
|---|---|---|---|---|---|---spec_prior
|---|---|---|---housing = critical
|---|---|---|---|---form = completed
|---|---|---|---|---|---spec_prior
|---|---|---|---|---form = foster
|---|---|---|---|---|---spec_prior
|---|---|---|---|---form = complete
|---|---|---|---|---|---children = 1
|---|---|---|---|---|---|---priority
|---|---|---|---|---|---children = 3
|---|---|---|---|---|---|---spec_prior
|---|---|---|---|---|---children = 2
|---|---|---|---|---|---|---spec_prior
|---|---|---|---|---|---children = more
|---|---|---|---|---|---|---spec_prior
|---|---|---|---|---form = incomplete
|---|---|---|---|---|---spec_prior
|---|---|---|---housing = less_conv
|---|---|---|---|---children = 1
|---|---|---|---|---|---form = completed
|---|---|---|---|---|---|---priority
|---|---|---|---|---|---form = foster
|---|---|---|---|---|---|---spec_prior
|---|---|---|---|---|---form = complete
|---|---|---|---|---|---|---priority
|---|---|---|---|---|---form = incomplete
|---|---|---|---|---|---|---priority
|---|---|---|---|---children = 3
|---|---|---|---|---|---spec_prior
|---|---|---|---|---children = 2
|---|---|---|---|---|---form = completed
|---|---|---|---|---|---|---priority
|---|---|---|---|---|---form = foster
|---|---|---|---|---|---|---spec_prior
|---|---|---|---|---|---form = complete
|---|---|---|---|---|---|---priority
|---|---|---|---|---|---form = incomplete
|---|---|---|---|---|---|---spec_prior
|---|---|---|---|---children = more
|---|---|---|---|---|---spec_prior
|---|---|---social = nonprob
|---|---|---|---housing = convenient
|---|---|---|---|---finance = convenient
|---|---|---|---|---|---priority
|---|---|---|---|---finance = inconv
|---|---|---|---|---|---children = 1
|---|---|---|---|---|---|---form = completed
|---|---|---|---|---|---|---|---priority
|---|---|---|---|---|---|---form = foster
|---|---|---|---|---|---|---|---spec_prior
|---|---|---|---|---|---|---form = complete
|---|---|---|---|---|---|---|---priority
|---|---|---|---|---|---|---form = incomplete
|---|---|---|---|---|---|---|---priority
|---|---|---|---|---|---children = 3
|---|---|---|---|---|---|---spec_prior
|---|---|---|---|---|---children = 2
|---|---|---|---|---|---|---form = completed
|---|---|---|---|---|---|---|---priority
|---|---|---|---|---|---|---form = foster
|---|---|---|---|---|---|---|---spec_prior
|---|---|---|---|---|---|---form = complete
|---|---|---|---|---|---|---|---priority
|---|---|---|---|---|---|---form = incomplete
|---|---|---|---|---|---|---|---spec_prior
|---|---|---|---|---|---children = more
|---|---|---|---|---|---|---spec_prior
|---|---|---|---housing = critical
|---|---|---|---|---form = completed
|---|---|---|---|---|---spec_prior
|---|---|---|---|---form = foster
|---|---|---|---|---|---spec_prior
|---|---|---|---|---form = complete
|---|---|---|---|---|---children = 1
|---|---|---|---|---|---|---priority
|---|---|---|---|---|---children = 3
|---|---|---|---|---|---|---spec_prior
|---|---|---|---|---|---children = 2
|---|---|---|---|---|---|---spec_prior
|---|---|---|---|---|---children = more
|---|---|---|---|---|---|---spec_prior
|---|---|---|---|---form = incomplete
|---|---|---|---|---|---spec_prior
|---|---|---|---housing = less_conv
|---|---|---|---|---children = 1
|---|---|---|---|---|---form = completed
|---|---|---|---|---|---|---priority
|---|---|---|---|---|---form = foster
|---|---|---|---|---|---|---spec_prior
|---|---|---|---|---|---form = complete
|---|---|---|---|---|---|---priority
|---|---|---|---|---|---form = incomplete
|---|---|---|---|---|---|---priority
|---|---|---|---|---children = 3
|---|---|---|---|---|---spec_prior
|---|---|---|---|---children = 2
|---|---|---|---|---|---form = completed
|---|---|---|---|---|---|---priority
|---|---|---|---|---|---form = foster
|---|---|---|---|---|---|---spec_prior
|---|---|---|---|---|---form = complete
|---|---|---|---|---|---|---priority
|---|---|---|---|---|---form = incomplete
|---|---|---|---|---|---|---spec_prior
|---|---|---|---|---children = more
|---|---|---|---|---|---spec_prior
|---|---parents = pretentious
|---|---|---social = problematic
|---|---|---|---housing = convenient
|---|---|---|---|---finance = convenient
|---|---|---|---|---|---priority
|---|---|---|---|---finance = inconv
|---|---|---|---|---|---children = 1
|---|---|---|---|---|---|---form = completed
|---|---|---|---|---|---|---|---priority
|---|---|---|---|---|---|---form = foster
|---|---|---|---|---|---|---|---spec_prior
|---|---|---|---|---|---|---form = complete
|---|---|---|---|---|---|---|---priority
|---|---|---|---|---|---|---form = incomplete
|---|---|---|---|---|---|---|---priority
|---|---|---|---|---|---children = 3
|---|---|---|---|---|---|---spec_prior
|---|---|---|---|---|---children = 2
|---|---|---|---|---|---|---form = completed
|---|---|---|---|---|---|---|---priority
|---|---|---|---|---|---|---form = foster
|---|---|---|---|---|---|---|---spec_prior
|---|---|---|---|---|---|---form = complete
|---|---|---|---|---|---|---|---priority
|---|---|---|---|---|---|---form = incomplete
|---|---|---|---|---|---|---|---spec_prior
|---|---|---|---|---|---children = more
|---|---|---|---|---|---|---spec_prior
|---|---|---|---housing = critical
|---|---|---|---|---form = completed
|---|---|---|---|---|---spec_prior
|---|---|---|---|---form = foster
|---|---|---|---|---|---spec_prior
|---|---|---|---|---form = complete
|---|---|---|---|---|---children = 1
|---|---|---|---|---|---|---priority
|---|---|---|---|---|---children = 3
|---|---|---|---|---|---|---spec_prior
|---|---|---|---|---|---children = 2
|---|---|---|---|---|---|---spec_prior
|---|---|---|---|---|---children = more
|---|---|---|---|---|---|---spec_prior
|---|---|---|---|---form = incomplete
|---|---|---|---|---|---spec_prior
|---|---|---|---housing = less_conv
|---|---|---|---|---children = 1
|---|---|---|---|---|---form = completed
|---|---|---|---|---|---|---priority
|---|---|---|---|---|---form = foster
|---|---|---|---|---|---|---spec_prior
|---|---|---|---|---|---form = complete
|---|---|---|---|---|---|---priority
|---|---|---|---|---|---form = incomplete
|---|---|---|---|---|---|---priority
|---|---|---|---|---children = 3
|---|---|---|---|---|---spec_prior
|---|---|---|---|---children = 2
|---|---|---|---|---|---form = completed
|---|---|---|---|---|---|---priority
|---|---|---|---|---|---form = foster
|---|---|---|---|---|---|---spec_prior
|---|---|---|---|---|---form = complete
|---|---|---|---|---|---|---priority
|---|---|---|---|---|---form = incomplete
|---|---|---|---|---|---|---spec_prior
|---|---|---|---|---children = more
|---|---|---|---|---|---spec_prior
|---|---|---social = slightly_prob
|---|---|---|---priority
|---|---|---social = nonprob
|---|---|---|---priority
|---|---parents = usual
|---|---|---social = problematic
|---|---|---|---priority
|---|---|---social = slightly_prob
|---|---|---|---housing = convenient
|---|---|---|---|---finance = convenient
|---|---|---|---|---|---very_recom
|---|---|---|---|---finance = inconv
|---|---|---|---|---|---children = 1
|---|---|---|---|---|---|---form = completed
|---|---|---|---|---|---|---|---very_recom
|---|---|---|---|---|---|---form = foster
|---|---|---|---|---|---|---|---priority
|---|---|---|---|---|---|---form = complete
|---|---|---|---|---|---|---|---very_recom
|---|---|---|---|---|---|---form = incomplete
|---|---|---|---|---|---|---|---very_recom
|---|---|---|---|---|---children = 3
|---|---|---|---|---|---|---priority
|---|---|---|---|---|---children = 2
|---|---|---|---|---|---|---form = completed
|---|---|---|---|---|---|---|---very_recom
|---|---|---|---|---|---|---form = foster
|---|---|---|---|---|---|---|---priority
|---|---|---|---|---|---|---form = complete
|---|---|---|---|---|---|---|---very_recom
|---|---|---|---|---|---|---form = incomplete
|---|---|---|---|---|---|---|---priority
|---|---|---|---|---|---children = more
|---|---|---|---|---|---|---priority
|---|---|---|---housing = critical
|---|---|---|---|---form = completed
|---|---|---|---|---|---priority
|---|---|---|---|---form = foster
|---|---|---|---|---|---priority
|---|---|---|---|---form = complete
|---|---|---|---|---|---children = 1
|---|---|---|---|---|---|---very_recom
|---|---|---|---|---|---children = 3
|---|---|---|---|---|---|---priority
|---|---|---|---|---|---children = 2
|---|---|---|---|---|---|---priority
|---|---|---|---|---|---children = more
|---|---|---|---|---|---|---priority
|---|---|---|---|---form = incomplete
|---|---|---|---|---|---priority
|---|---|---|---housing = less_conv
|---|---|---|---|---children = 1
|---|---|---|---|---|---form = completed
|---|---|---|---|---|---|---very_recom
|---|---|---|---|---|---form = foster
|---|---|---|---|---|---|---priority
|---|---|---|---|---|---form = complete
|---|---|---|---|---|---|---very_recom
|---|---|---|---|---|---form = incomplete
|---|---|---|---|---|---|---very_recom
|---|---|---|---|---children = 3
|---|---|---|---|---|---priority
|---|---|---|---|---children = 2
|---|---|---|---|---|---form = completed
|---|---|---|---|---|---|---very_recom
|---|---|---|---|---|---form = foster
|---|---|---|---|---|---|---priority
|---|---|---|---|---|---form = complete
|---|---|---|---|---|---|---very_recom
|---|---|---|---|---|---form = incomplete
|---|---|---|---|---|---|---priority
|---|---|---|---|---children = more
|---|---|---|---|---|---priority
|---|---|---social = nonprob
|---|---|---|---housing = convenient
|---|---|---|---|---finance = convenient
|---|---|---|---|---|---very_recom
|---|---|---|---|---finance = inconv
|---|---|---|---|---|---children = 1
|---|---|---|---|---|---|---form = completed
|---|---|---|---|---|---|---|---very_recom
|---|---|---|---|---|---|---form = foster
|---|---|---|---|---|---|---|---priority
|---|---|---|---|---|---|---form = complete
|---|---|---|---|---|---|---|---very_recom
|---|---|---|---|---|---|---form = incomplete
|---|---|---|---|---|---|---|---very_recom
|---|---|---|---|---|---children = 3
|---|---|---|---|---|---|---priority
|---|---|---|---|---|---children = 2
|---|---|---|---|---|---|---form = completed
|---|---|---|---|---|---|---|---very_recom
|---|---|---|---|---|---|---form = foster
|---|---|---|---|---|---|---|---priority
|---|---|---|---|---|---|---form = complete
|---|---|---|---|---|---|---|---very_recom
|---|---|---|---|---|---|---form = incomplete
|---|---|---|---|---|---|---|---priority
|---|---|---|---|---|---children = more
|---|---|---|---|---|---|---priority
|---|---|---|---housing = critical
|---|---|---|---|---form = completed
|---|---|---|---|---|---priority
|---|---|---|---|---form = foster
|---|---|---|---|---|---priority
|---|---|---|---|---form = complete
|---|---|---|---|---|---children = 1
|---|---|---|---|---|---|---very_recom
|---|---|---|---|---|---children = 3
|---|---|---|---|---|---|---priority
|---|---|---|---|---|---children = 2
|---|---|---|---|---|---|---priority
|---|---|---|---|---|---children = more
|---|---|---|---|---|---|---priority
|---|---|---|---|---form = incomplete
|---|---|---|---|---|---priority
|---|---|---|---housing = less_conv
|---|---|---|---|---children = 1
|---|---|---|---|---|---form = completed
|---|---|---|---|---|---|---very_recom
|---|---|---|---|---|---form = foster
|---|---|---|---|---|---|---priority
|---|---|---|---|---|---form = complete
|---|---|---|---|---|---|---very_recom
|---|---|---|---|---|---form = incomplete
|---|---|---|---|---|---|---very_recom
|---|---|---|---|---children = 3
|---|---|---|---|---|---priority
|---|---|---|---|---children = 2
|---|---|---|---|---|---form = completed
|---|---|---|---|---|---|---very_recom
|---|---|---|---|---|---form = foster
|---|---|---|---|---|---|---priority
|---|---|---|---|---|---form = complete
|---|---|---|---|---|---|---very_recom
|---|---|---|---|---|---form = incomplete
|---|---|---|---|---|---|---priority
|---|---|---|---|---children = more
|---|---|---|---|---|---priority
|---has_nurs = very_crit
|---|---social = problematic
|---|---|---form = completed
|---|---|---|---spec_prior
|---|---|---form = foster
|---|---|---|---spec_prior
|---|---|---form = complete
|---|---|---|---children = 1
|---|---|---|---|---housing = convenient
|---|---|---|---|---|---finance = convenient
|---|---|---|---|---|---|---priority
|---|---|---|---|---|---finance = inconv
|---|---|---|---|---|---|---spec_prior
|---|---|---|---|---housing = critical
|---|---|---|---|---|---spec_prior
|---|---|---|---|---housing = less_conv
|---|---|---|---|---|---spec_prior
|---|---|---|---children = 3
|---|---|---|---|---spec_prior
|---|---|---|---children = 2
|---|---|---|---|---spec_prior
|---|---|---|---children = more
|---|---|---|---|---spec_prior
|---|---|---form = incomplete
|---|---|---|---spec_prior
|---|---social = slightly_prob
|---|---|---housing = convenient
|---|---|---|---finance = convenient
|---|---|---|---|---priority
|---|---|---|---finance = inconv
|---|---|---|---|---children = 1
|---|---|---|---|---|---form = completed
|---|---|---|---|---|---|---priority
|---|---|---|---|---|---form = foster
|---|---|---|---|---|---|---spec_prior
|---|---|---|---|---|---form = complete
|---|---|---|---|---|---|---priority
|---|---|---|---|---|---form = incomplete
|---|---|---|---|---|---|---priority
|---|---|---|---|---children = 3
|---|---|---|---|---|---spec_prior
|---|---|---|---|---children = 2
|---|---|---|---|---|---form = completed
|---|---|---|---|---|---|---priority
|---|---|---|---|---|---form = foster
|---|---|---|---|---|---|---spec_prior
|---|---|---|---|---|---form = complete
|---|---|---|---|---|---|---priority
|---|---|---|---|---|---form = incomplete
|---|---|---|---|---|---|---spec_prior
|---|---|---|---|---children = more
|---|---|---|---|---|---spec_prior
|---|---|---housing = critical
|---|---|---|---form = completed
|---|---|---|---|---spec_prior
|---|---|---|---form = foster
|---|---|---|---|---spec_prior
|---|---|---|---form = complete
|---|---|---|---|---children = 1
|---|---|---|---|---|---priority
|---|---|---|---|---children = 3
|---|---|---|---|---|---spec_prior
|---|---|---|---|---children = 2
|---|---|---|---|---|---spec_prior
|---|---|---|---|---children = more
|---|---|---|---|---|---spec_prior
|---|---|---|---form = incomplete
|---|---|---|---|---spec_prior
|---|---|---housing = less_conv
|---|---|---|---children = 1
|---|---|---|---|---form = completed
|---|---|---|---|---|---priority
|---|---|---|---|---form = foster
|---|---|---|---|---|---spec_prior
|---|---|---|---|---form = complete
|---|---|---|---|---|---priority
|---|---|---|---|---form = incomplete
|---|---|---|---|---|---priority
|---|---|---|---children = 3
|---|---|---|---|---spec_prior
|---|---|---|---children = 2
|---|---|---|---|---form = completed
|---|---|---|---|---|---priority
|---|---|---|---|---form = foster
|---|---|---|---|---|---spec_prior
|---|---|---|---|---form = complete
|---|---|---|---|---|---priority
|---|---|---|---|---form = incomplete
|---|---|---|---|---|---spec_prior
|---|---|---|---children = more
|---|---|---|---|---spec_prior
|---|---social = nonprob
|---|---|---housing = convenient
|---|---|---|---finance = convenient
|---|---|---|---|---priority
|---|---|---|---finance = inconv
|---|---|---|---|---children = 1
|---|---|---|---|---|---form = completed
|---|---|---|---|---|---|---priority
|---|---|---|---|---|---form = foster
|---|---|---|---|---|---|---spec_prior
|---|---|---|---|---|---form = complete
|---|---|---|---|---|---|---priority
|---|---|---|---|---|---form = incomplete
|---|---|---|---|---|---|---priority
|---|---|---|---|---children = 3
|---|---|---|---|---|---spec_prior
|---|---|---|---|---children = 2
|---|---|---|---|---|---form = completed
|---|---|---|---|---|---|---priority
|---|---|---|---|---|---form = foster
|---|---|---|---|---|---|---spec_prior
|---|---|---|---|---|---form = complete
|---|---|---|---|---|---|---priority
|---|---|---|---|---|---form = incomplete
|---|---|---|---|---|---|---spec_prior
|---|---|---|---|---children = more
|---|---|---|---|---|---spec_prior
|---|---|---housing = critical
|---|---|---|---form = completed
|---|---|---|---|---spec_prior
|---|---|---|---form = foster
|---|---|---|---|---spec_prior
|---|---|---|---form = complete
|---|---|---|---|---children = 1
|---|---|---|---|---|---priority
|---|---|---|---|---children = 3
|---|---|---|---|---|---spec_prior
|---|---|---|---|---children = 2
|---|---|---|---|---|---spec_prior
|---|---|---|---|---children = more
|---|---|---|---|---|---spec_prior
|---|---|---|---form = incomplete
|---|---|---|---|---spec_prior
|---|---|---housing = less_conv
|---|---|---|---children = 1
|---|---|---|---|---form = completed
|---|---|---|---|---|---priority
|---|---|---|---|---form = foster
|---|---|---|---|---|---spec_prior
|---|---|---|---|---form = complete
|---|---|---|---|---|---priority
|---|---|---|---|---form = incomplete
|---|---|---|---|---|---priority
|---|---|---|---children = 3
|---|---|---|---|---spec_prior
|---|---|---|---children = 2
|---|---|---|---|---form = completed
|---|---|---|---|---|---priority
|---|---|---|---|---form = foster
|---|---|---|---|---|---spec_prior
|---|---|---|---|---form = complete
|---|---|---|---|---|---priority
|---|---|---|---|---form = incomplete
|---|---|---|---|---|---spec_prior
|---|---|---|---children = more
|---|---|---|---|---spec_prior
|---has_nurs = less_proper
|---|---parents = great_pret
|---|---|---social = problematic
|---|---|---|---housing = convenient
|---|---|---|---|---finance = convenient
|---|---|---|---|---|---priority
|---|---|---|---|---finance = inconv
|---|---|---|---|---|---children = 1
|---|---|---|---|---|---|---form = completed
|---|---|---|---|---|---|---|---priority
|---|---|---|---|---|---|---form = foster
|---|---|---|---|---|---|---|---spec_prior
|---|---|---|---|---|---|---form = complete
|---|---|---|---|---|---|---|---priority
|---|---|---|---|---|---|---form = incomplete
|---|---|---|---|---|---|---|---priority
|---|---|---|---|---|---children = 3
|---|---|---|---|---|---|---spec_prior
|---|---|---|---|---|---children = 2
|---|---|---|---|---|---|---form = completed
|---|---|---|---|---|---|---|---priority
|---|---|---|---|---|---|---form = foster
|---|---|---|---|---|---|---|---spec_prior
|---|---|---|---|---|---|---form = complete
|---|---|---|---|---|---|---|---priority
|---|---|---|---|---|---|---form = incomplete
|---|---|---|---|---|---|---|---spec_prior
|---|---|---|---|---|---children = more
|---|---|---|---|---|---|---spec_prior
|---|---|---|---housing = critical
|---|---|---|---|---form = completed
|---|---|---|---|---|---spec_prior
|---|---|---|---|---form = foster
|---|---|---|---|---|---spec_prior
|---|---|---|---|---form = complete
|---|---|---|---|---|---children = 1
|---|---|---|---|---|---|---priority
|---|---|---|---|---|---children = 3
|---|---|---|---|---|---|---spec_prior
|---|---|---|---|---|---children = 2
|---|---|---|---|---|---|---spec_prior
|---|---|---|---|---|---children = more
|---|---|---|---|---|---|---spec_prior
|---|---|---|---|---form = incomplete
|---|---|---|---|---|---spec_prior
|---|---|---|---housing = less_conv
|---|---|---|---|---children = 1
|---|---|---|---|---|---form = completed
|---|---|---|---|---|---|---priority
|---|---|---|---|---|---form = foster
|---|---|---|---|---|---|---spec_prior
|---|---|---|---|---|---form = complete
|---|---|---|---|---|---|---priority
|---|---|---|---|---|---form = incomplete
|---|---|---|---|---|---|---priority
|---|---|---|---|---children = 3
|---|---|---|---|---|---spec_prior
|---|---|---|---|---children = 2
|---|---|---|---|---|---form = completed
|---|---|---|---|---|---|---priority
|---|---|---|---|---|---form = foster
|---|---|---|---|---|---|---spec_prior
|---|---|---|---|---|---form = complete
|---|---|---|---|---|---|---priority
|---|---|---|---|---|---form = incomplete
|---|---|---|---|---|---|---spec_prior
|---|---|---|---|---children = more
|---|---|---|---|---|---spec_prior
|---|---|---social = slightly_prob
|---|---|---|---priority
|---|---|---social = nonprob
|---|---|---|---priority
|---|---parents = pretentious
|---|---|---social = problematic
|---|---|---|---priority
|---|---|---social = slightly_prob
|---|---|---|---housing = convenient
|---|---|---|---|---finance = convenient
|---|---|---|---|---|---very_recom
|---|---|---|---|---finance = inconv
|---|---|---|---|---|---children = 1
|---|---|---|---|---|---|---form = completed
|---|---|---|---|---|---|---|---very_recom
|---|---|---|---|---|---|---form = foster
|---|---|---|---|---|---|---|---priority
|---|---|---|---|---|---|---form = complete
|---|---|---|---|---|---|---|---very_recom
|---|---|---|---|---|---|---form = incomplete
|---|---|---|---|---|---|---|---very_recom
|---|---|---|---|---|---children = 3
|---|---|---|---|---|---|---priority
|---|---|---|---|---|---children = 2
|---|---|---|---|---|---|---form = completed
|---|---|---|---|---|---|---|---very_recom
|---|---|---|---|---|---|---form = foster
|---|---|---|---|---|---|---|---priority
|---|---|---|---|---|---|---form = complete
|---|---|---|---|---|---|---|---very_recom
|---|---|---|---|---|---|---form = incomplete
|---|---|---|---|---|---|---|---priority
|---|---|---|---|---|---children = more
|---|---|---|---|---|---|---priority
|---|---|---|---housing = critical
|---|---|---|---|---form = completed
|---|---|---|---|---|---priority
|---|---|---|---|---form = foster
|---|---|---|---|---|---priority
|---|---|---|---|---form = complete
|---|---|---|---|---|---children = 1
|---|---|---|---|---|---|---very_recom
|---|---|---|---|---|---children = 3
|---|---|---|---|---|---|---priority
|---|---|---|---|---|---children = 2
|---|---|---|---|---|---|---priority
|---|---|---|---|---|---children = more
|---|---|---|---|---|---|---priority
|---|---|---|---|---form = incomplete
|---|---|---|---|---|---priority
|---|---|---|---housing = less_conv
|---|---|---|---|---children = 1
|---|---|---|---|---|---form = completed
|---|---|---|---|---|---|---very_recom
|---|---|---|---|---|---form = foster
|---|---|---|---|---|---|---priority
|---|---|---|---|---|---form = complete
|---|---|---|---|---|---|---very_recom
|---|---|---|---|---|---form = incomplete
|---|---|---|---|---|---|---very_recom
|---|---|---|---|---children = 3
|---|---|---|---|---|---priority
|---|---|---|---|---children = 2
|---|---|---|---|---|---form = completed
|---|---|---|---|---|---|---very_recom
|---|---|---|---|---|---form = foster
|---|---|---|---|---|---|---priority
|---|---|---|---|---|---form = complete
|---|---|---|---|---|---|---very_recom
|---|---|---|---|---|---form = incomplete
|---|---|---|---|---|---|---priority
|---|---|---|---|---children = more
|---|---|---|---|---|---priority
|---|---|---social = nonprob
|---|---|---|---housing = convenient
|---|---|---|---|---finance = convenient
|---|---|---|---|---|---very_recom
|---|---|---|---|---finance = inconv
|---|---|---|---|---|---children = 1
|---|---|---|---|---|---|---form = completed
|---|---|---|---|---|---|---|---very_recom
|---|---|---|---|---|---|---form = foster
|---|---|---|---|---|---|---|---priority
|---|---|---|---|---|---|---form = complete
|---|---|---|---|---|---|---|---very_recom
|---|---|---|---|---|---|---form = incomplete
|---|---|---|---|---|---|---|---very_recom
|---|---|---|---|---|---children = 3
|---|---|---|---|---|---|---priority
|---|---|---|---|---|---children = 2
|---|---|---|---|---|---|---form = completed
|---|---|---|---|---|---|---|---very_recom
|---|---|---|---|---|---|---form = foster
|---|---|---|---|---|---|---|---priority
|---|---|---|---|---|---|---form = complete
|---|---|---|---|---|---|---|---very_recom
|---|---|---|---|---|---|---form = incomplete
|---|---|---|---|---|---|---|---priority
|---|---|---|---|---|---children = more
|---|---|---|---|---|---|---priority
|---|---|---|---housing = critical
|---|---|---|---|---form = completed
|---|---|---|---|---|---priority
|---|---|---|---|---form = foster
|---|---|---|---|---|---priority
|---|---|---|---|---form = complete
|---|---|---|---|---|---children = 1
|---|---|---|---|---|---|---very_recom
|---|---|---|---|---|---children = 3
|---|---|---|---|---|---|---priority
|---|---|---|---|---|---children = 2
|---|---|---|---|---|---|---priority
|---|---|---|---|---|---children = more
|---|---|---|---|---|---|---priority
|---|---|---|---|---form = incomplete
|---|---|---|---|---|---priority
|---|---|---|---housing = less_conv
|---|---|---|---|---children = 1
|---|---|---|---|---|---form = completed
|---|---|---|---|---|---|---very_recom
|---|---|---|---|---|---form = foster
|---|---|---|---|---|---|---priority
|---|---|---|---|---|---form = complete
|---|---|---|---|---|---|---very_recom
|---|---|---|---|---|---form = incomplete
|---|---|---|---|---|---|---very_recom
|---|---|---|---|---children = 3
|---|---|---|---|---|---priority
|---|---|---|---|---children = 2
|---|---|---|---|---|---form = completed
|---|---|---|---|---|---|---very_recom
|---|---|---|---|---|---form = foster
|---|---|---|---|---|---|---priority
|---|---|---|---|---|---form = complete
|---|---|---|---|---|---|---very_recom
|---|---|---|---|---|---form = incomplete
|---|---|---|---|---|---|---priority
|---|---|---|---|---children = more
|---|---|---|---|---|---priority
|---|---parents = usual
|---|---|---social = problematic
|---|---|---|---priority
|---|---|---social = slightly_prob
|---|---|---|---housing = convenient
|---|---|---|---|---finance = convenient
|---|---|---|---|---|---very_recom
|---|---|---|---|---finance = inconv
|---|---|---|---|---|---children = 1
|---|---|---|---|---|---|---form = completed
|---|---|---|---|---|---|---|---very_recom
|---|---|---|---|---|---|---form = foster
|---|---|---|---|---|---|---|---priority
|---|---|---|---|---|---|---form = complete
|---|---|---|---|---|---|---|---very_recom
|---|---|---|---|---|---|---form = incomplete
|---|---|---|---|---|---|---|---very_recom
|---|---|---|---|---|---children = 3
|---|---|---|---|---|---|---priority
|---|---|---|---|---|---children = 2
|---|---|---|---|---|---|---form = completed
|---|---|---|---|---|---|---|---very_recom
|---|---|---|---|---|---|---form = foster
|---|---|---|---|---|---|---|---priority
|---|---|---|---|---|---|---form = complete
|---|---|---|---|---|---|---|---very_recom
|---|---|---|---|---|---|---form = incomplete
|---|---|---|---|---|---|---|---priority
|---|---|---|---|---|---children = more
|---|---|---|---|---|---|---priority
|---|---|---|---housing = critical
|---|---|---|---|---form = completed
|---|---|---|---|---|---priority
|---|---|---|---|---form = foster
|---|---|---|---|---|---priority
|---|---|---|---|---form = complete
|---|---|---|---|---|---children = 1
|---|---|---|---|---|---|---very_recom
|---|---|---|---|---|---children = 3
|---|---|---|---|---|---|---priority
|---|---|---|---|---|---children = 2
|---|---|---|---|---|---|---priority
|---|---|---|---|---|---children = more
|---|---|---|---|---|---|---priority
|---|---|---|---|---form = incomplete
|---|---|---|---|---|---priority
|---|---|---|---housing = less_conv
|---|---|---|---|---children = 1
|---|---|---|---|---|---form = completed
|---|---|---|---|---|---|---very_recom
|---|---|---|---|---|---form = foster
|---|---|---|---|---|---|---priority
|---|---|---|---|---|---form = complete
|---|---|---|---|---|---|---very_recom
|---|---|---|---|---|---form = incomplete
|---|---|---|---|---|---|---very_recom
|---|---|---|---|---children = 3
|---|---|---|---|---|---priority
|---|---|---|---|---children = 2
|---|---|---|---|---|---form = completed
|---|---|---|---|---|---|---very_recom
|---|---|---|---|---|---form = foster
|---|---|---|---|---|---|---priority
|---|---|---|---|---|---form = complete
|---|---|---|---|---|---|---very_recom
|---|---|---|---|---|---form = incomplete
|---|---|---|---|---|---|---priority
|---|---|---|---|---children = more
|---|---|---|---|---|---priority
|---|---|---social = nonprob
|---|---|---|---housing = convenient
|---|---|---|---|---finance = convenient
|---|---|---|---|---|---very_recom
|---|---|---|---|---finance = inconv
|---|---|---|---|---|---children = 1
|---|---|---|---|---|---|---form = completed
|---|---|---|---|---|---|---|---very_recom
|---|---|---|---|---|---|---form = foster
|---|---|---|---|---|---|---|---priority
|---|---|---|---|---|---|---form = complete
|---|---|---|---|---|---|---|---very_recom
|---|---|---|---|---|---|---form = incomplete
|---|---|---|---|---|---|---|---very_recom
|---|---|---|---|---|---children = 3
|---|---|---|---|---|---|---priority
|---|---|---|---|---|---children = 2
|---|---|---|---|---|---|---form = completed
|---|---|---|---|---|---|---|---very_recom
|---|---|---|---|---|---|---form = foster
|---|---|---|---|---|---|---|---priority
|---|---|---|---|---|---|---form = complete
|---|---|---|---|---|---|---|---very_recom
|---|---|---|---|---|---|---form = incomplete
|---|---|---|---|---|---|---|---priority
|---|---|---|---|---|---children = more
|---|---|---|---|---|---|---priority
|---|---|---|---housing = critical
|---|---|---|---|---form = completed
|---|---|---|---|---|---priority
|---|---|---|---|---form = foster
|---|---|---|---|---|---priority
|---|---|---|---|---form = complete
|---|---|---|---|---|---children = 1
|---|---|---|---|---|---|---very_recom
|---|---|---|---|---|---children = 3
|---|---|---|---|---|---|---priority
|---|---|---|---|---|---children = 2
|---|---|---|---|---|---|---priority
|---|---|---|---|---|---children = more
|---|---|---|---|---|---|---priority
|---|---|---|---|---form = incomplete
|---|---|---|---|---|---priority
|---|---|---|---housing = less_conv
|---|---|---|---|---children = 1
|---|---|---|---|---|---form = completed
|---|---|---|---|---|---|---very_recom
|---|---|---|---|---|---form = foster
|---|---|---|---|---|---|---priority
|---|---|---|---|---|---form = complete
|---|---|---|---|---|---|---very_recom
|---|---|---|---|---|---form = incomplete
|---|---|---|---|---|---|---very_recom
|---|---|---|---|---children = 3
|---|---|---|---|---|---priority
|---|---|---|---|---children = 2
|---|---|---|---|---|---form = completed
|---|---|---|---|---|---|---very_recom
|---|---|---|---|---|---form = foster
|---|---|---|---|---|---|---priority
|---|---|---|---|---|---form = complete
|---|---|---|---|---|---|---very_recom
|---|---|---|---|---|---form = incomplete
|---|---|---|---|---|---|---priority
|---|---|---|---|---children = more
|---|---|---|---|---|---priority
|---has_nurs = critical
|---|---parents = great_pret
|---|---|---social = problematic
|---|---|---|---form = completed
|---|---|---|---|---spec_prior
|---|---|---|---form = foster
|---|---|---|---|---spec_prior
|---|---|---|---form = complete
|---|---|---|---|---children = 1
|---|---|---|---|---|---housing = convenient
|---|---|---|---|---|---|---finance = convenient
|---|---|---|---|---|---|---|---priority
|---|---|---|---|---|---|---finance = inconv
|---|---|---|---|---|---|---|---spec_prior
|---|---|---|---|---|---housing = critical
|---|---|---|---|---|---|---spec_prior
|---|---|---|---|---|---housing = less_conv
|---|---|---|---|---|---|---spec_prior
|---|---|---|---|---children = 3
|---|---|---|---|---|---spec_prior
|---|---|---|---|---children = 2
|---|---|---|---|---|---spec_prior
|---|---|---|---|---children = more
|---|---|---|---|---|---spec_prior
|---|---|---|---form = incomplete
|---|---|---|---|---spec_prior
|---|---|---social = slightly_prob
|---|---|---|---housing = convenient
|---|---|---|---|---finance = convenient
|---|---|---|---|---|---priority
|---|---|---|---|---finance = inconv
|---|---|---|---|---|---children = 1
|---|---|---|---|---|---|---form = completed
|---|---|---|---|---|---|---|---priority
|---|---|---|---|---|---|---form = foster
|---|---|---|---|---|---|---|---spec_prior
|---|---|---|---|---|---|---form = complete
|---|---|---|---|---|---|---|---priority
|---|---|---|---|---|---|---form = incomplete
|---|---|---|---|---|---|---|---priority
|---|---|---|---|---|---children = 3
|---|---|---|---|---|---|---spec_prior
|---|---|---|---|---|---children = 2
|---|---|---|---|---|---|---form = completed
|---|---|---|---|---|---|---|---priority
|---|---|---|---|---|---|---form = foster
|---|---|---|---|---|---|---|---spec_prior
|---|---|---|---|---|---|---form = complete
|---|---|---|---|---|---|---|---priority
|---|---|---|---|---|---|---form = incomplete
|---|---|---|---|---|---|---|---spec_prior
|---|---|---|---|---|---children = more
|---|---|---|---|---|---|---spec_prior
|---|---|---|---housing = critical
|---|---|---|---|---form = completed
|---|---|---|---|---|---spec_prior
|---|---|---|---|---form = foster
|---|---|---|---|---|---spec_prior
|---|---|---|---|---form = complete
|---|---|---|---|---|---children = 1
|---|---|---|---|---|---|---priority
|---|---|---|---|---|---children = 3
|---|---|---|---|---|---|---spec_prior
|---|---|---|---|---|---children = 2
|---|---|---|---|---|---|---spec_prior
|---|---|---|---|---|---children = more
|---|---|---|---|---|---|---spec_prior
|---|---|---|---|---form = incomplete
|---|---|---|---|---|---spec_prior
|---|---|---|---housing = less_conv
|---|---|---|---|---children = 1
|---|---|---|---|---|---form = completed
|---|---|---|---|---|---|---priority
|---|---|---|---|---|---form = foster
|---|---|---|---|---|---|---spec_prior
|---|---|---|---|---|---form = complete
|---|---|---|---|---|---|---priority
|---|---|---|---|---|---form = incomplete
|---|---|---|---|---|---|---priority
|---|---|---|---|---children = 3
|---|---|---|---|---|---spec_prior
|---|---|---|---|---children = 2
|---|---|---|---|---|---form = completed
|---|---|---|---|---|---|---priority
|---|---|---|---|---|---form = foster
|---|---|---|---|---|---|---spec_prior
|---|---|---|---|---|---form = complete
|---|---|---|---|---|---|---priority
|---|---|---|---|---|---form = incomplete
|---|---|---|---|---|---|---spec_prior
|---|---|---|---|---children = more
|---|---|---|---|---|---spec_prior
|---|---|---social = nonprob
|---|---|---|---housing = convenient
|---|---|---|---|---finance = convenient
|---|---|---|---|---|---priority
|---|---|---|---|---finance = inconv
|---|---|---|---|---|---children = 1
|---|---|---|---|---|---|---form = completed
|---|---|---|---|---|---|---|---priority
|---|---|---|---|---|---|---form = foster
|---|---|---|---|---|---|---|---spec_prior
|---|---|---|---|---|---|---form = complete
|---|---|---|---|---|---|---|---priority
|---|---|---|---|---|---|---form = incomplete
|---|---|---|---|---|---|---|---priority
|---|---|---|---|---|---children = 3
|---|---|---|---|---|---|---spec_prior
|---|---|---|---|---|---children = 2
|---|---|---|---|---|---|---form = completed
|---|---|---|---|---|---|---|---priority
|---|---|---|---|---|---|---form = foster
|---|---|---|---|---|---|---|---spec_prior
|---|---|---|---|---|---|---form = complete
|---|---|---|---|---|---|---|---priority
|---|---|---|---|---|---|---form = incomplete
|---|---|---|---|---|---|---|---spec_prior
|---|---|---|---|---|---children = more
|---|---|---|---|---|---|---spec_prior
|---|---|---|---housing = critical
|---|---|---|---|---form = completed
|---|---|---|---|---|---spec_prior
|---|---|---|---|---form = foster
|---|---|---|---|---|---spec_prior
|---|---|---|---|---form = complete
|---|---|---|---|---|---children = 1
|---|---|---|---|---|---|---priority
|---|---|---|---|---|---children = 3
|---|---|---|---|---|---|---spec_prior
|---|---|---|---|---|---children = 2
|---|---|---|---|---|---|---spec_prior
|---|---|---|---|---|---children = more
|---|---|---|---|---|---|---spec_prior
|---|---|---|---|---form = incomplete
|---|---|---|---|---|---spec_prior
|---|---|---|---housing = less_conv
|---|---|---|---|---children = 1
|---|---|---|---|---|---form = completed
|---|---|---|---|---|---|---priority
|---|---|---|---|---|---form = foster
|---|---|---|---|---|---|---spec_prior
|---|---|---|---|---|---form = complete
|---|---|---|---|---|---|---priority
|---|---|---|---|---|---form = incomplete
|---|---|---|---|---|---|---priority
|---|---|---|---|---children = 3
|---|---|---|---|---|---spec_prior
|---|---|---|---|---children = 2
|---|---|---|---|---|---form = completed
|---|---|---|---|---|---|---priority
|---|---|---|---|---|---form = foster
|---|---|---|---|---|---|---spec_prior
|---|---|---|---|---|---form = complete
|---|---|---|---|---|---|---priority
|---|---|---|---|---|---form = incomplete
|---|---|---|---|---|---|---spec_prior
|---|---|---|---|---children = more
|---|---|---|---|---|---spec_prior
|---|---parents = pretentious
|---|---|---social = problematic
|---|---|---|---form = completed
|---|---|---|---|---spec_prior
|---|---|---|---form = foster
|---|---|---|---|---spec_prior
|---|---|---|---form = complete
|---|---|---|---|---children = 1
|---|---|---|---|---|---housing = convenient
|---|---|---|---|---|---|---finance = convenient
|---|---|---|---|---|---|---|---priority
|---|---|---|---|---|---|---finance = inconv
|---|---|---|---|---|---|---|---spec_prior
|---|---|---|---|---|---housing = critical
|---|---|---|---|---|---|---spec_prior
|---|---|---|---|---|---housing = less_conv
|---|---|---|---|---|---|---spec_prior
|---|---|---|---|---children = 3
|---|---|---|---|---|---spec_prior
|---|---|---|---|---children = 2
|---|---|---|---|---|---spec_prior
|---|---|---|---|---children = more
|---|---|---|---|---|---spec_prior
|---|---|---|---form = incomplete
|---|---|---|---|---spec_prior
|---|---|---social = slightly_prob
|---|---|---|---housing = convenient
|---|---|---|---|---finance = convenient
|---|---|---|---|---|---priority
|---|---|---|---|---finance = inconv
|---|---|---|---|---|---children = 1
|---|---|---|---|---|---|---form = completed
|---|---|---|---|---|---|---|---priority
|---|---|---|---|---|---|---form = foster
|---|---|---|---|---|---|---|---spec_prior
|---|---|---|---|---|---|---form = complete
|---|---|---|---|---|---|---|---priority
|---|---|---|---|---|---|---form = incomplete
|---|---|---|---|---|---|---|---priority
|---|---|---|---|---|---children = 3
|---|---|---|---|---|---|---spec_prior
|---|---|---|---|---|---children = 2
|---|---|---|---|---|---|---form = completed
|---|---|---|---|---|---|---|---priority
|---|---|---|---|---|---|---form = foster
|---|---|---|---|---|---|---|---spec_prior
|---|---|---|---|---|---|---form = complete
|---|---|---|---|---|---|---|---priority
|---|---|---|---|---|---|---form = incomplete
|---|---|---|---|---|---|---|---spec_prior
|---|---|---|---|---|---children = more
|---|---|---|---|---|---|---spec_prior
|---|---|---|---housing = critical
|---|---|---|---|---form = completed
|---|---|---|---|---|---spec_prior
|---|---|---|---|---form = foster
|---|---|---|---|---|---spec_prior
|---|---|---|---|---form = complete
|---|---|---|---|---|---children = 1
|---|---|---|---|---|---|---priority
|---|---|---|---|---|---children = 3
|---|---|---|---|---|---|---spec_prior
|---|---|---|---|---|---children = 2
|---|---|---|---|---|---|---spec_prior
|---|---|---|---|---|---children = more
|---|---|---|---|---|---|---spec_prior
|---|---|---|---|---form = incomplete
|---|---|---|---|---|---spec_prior
|---|---|---|---housing = less_conv
|---|---|---|---|---children = 1
|---|---|---|---|---|---form = completed
|---|---|---|---|---|---|---priority
|---|---|---|---|---|---form = foster
|---|---|---|---|---|---|---spec_prior
|---|---|---|---|---|---form = complete
|---|---|---|---|---|---|---priority
|---|---|---|---|---|---form = incomplete
|---|---|---|---|---|---|---priority
|---|---|---|---|---children = 3
|---|---|---|---|---|---spec_prior
|---|---|---|---|---children = 2
|---|---|---|---|---|---form = completed
|---|---|---|---|---|---|---priority
|---|---|---|---|---|---form = foster
|---|---|---|---|---|---|---spec_prior
|---|---|---|---|---|---form = complete
|---|---|---|---|---|---|---priority
|---|---|---|---|---|---form = incomplete
|---|---|---|---|---|---|---spec_prior
|---|---|---|---|---children = more
|---|---|---|---|---|---spec_prior
|---|---|---social = nonprob
|---|---|---|---housing = convenient
|---|---|---|---|---finance = convenient
|---|---|---|---|---|---priority
|---|---|---|---|---finance = inconv
|---|---|---|---|---|---children = 1
|---|---|---|---|---|---|---form = completed
|---|---|---|---|---|---|---|---priority
|---|---|---|---|---|---|---form = foster
|---|---|---|---|---|---|---|---spec_prior
|---|---|---|---|---|---|---form = complete
|---|---|---|---|---|---|---|---priority
|---|---|---|---|---|---|---form = incomplete
|---|---|---|---|---|---|---|---priority
|---|---|---|---|---|---children = 3
|---|---|---|---|---|---|---spec_prior
|---|---|---|---|---|---children = 2
|---|---|---|---|---|---|---form = completed
|---|---|---|---|---|---|---|---priority
|---|---|---|---|---|---|---form = foster
|---|---|---|---|---|---|---|---spec_prior
|---|---|---|---|---|---|---form = complete
|---|---|---|---|---|---|---|---priority
|---|---|---|---|---|---|---form = incomplete
|---|---|---|---|---|---|---|---spec_prior
|---|---|---|---|---|---children = more
|---|---|---|---|---|---|---spec_prior
|---|---|---|---housing = critical
|---|---|---|---|---form = completed
|---|---|---|---|---|---spec_prior
|---|---|---|---|---form = foster
|---|---|---|---|---|---spec_prior
|---|---|---|---|---form = complete
|---|---|---|---|---|---children = 1
|---|---|---|---|---|---|---priority
|---|---|---|---|---|---children = 3
|---|---|---|---|---|---|---spec_prior
|---|---|---|---|---|---children = 2
|---|---|---|---|---|---|---spec_prior
|---|---|---|---|---|---children = more
|---|---|---|---|---|---|---spec_prior
|---|---|---|---|---form = incomplete
|---|---|---|---|---|---spec_prior
|---|---|---|---housing = less_conv
|---|---|---|---|---children = 1
|---|---|---|---|---|---form = completed
|---|---|---|---|---|---|---priority
|---|---|---|---|---|---form = foster
|---|---|---|---|---|---|---spec_prior
|---|---|---|---|---|---form = complete
|---|---|---|---|---|---|---priority
|---|---|---|---|---|---form = incomplete
|---|---|---|---|---|---|---priority
|---|---|---|---|---children = 3
|---|---|---|---|---|---spec_prior
|---|---|---|---|---children = 2
|---|---|---|---|---|---form = completed
|---|---|---|---|---|---|---priority
|---|---|---|---|---|---form = foster
|---|---|---|---|---|---|---spec_prior
|---|---|---|---|---|---form = complete
|---|---|---|---|---|---|---priority
|---|---|---|---|---|---form = incomplete
|---|---|---|---|---|---|---spec_prior
|---|---|---|---|---children = more
|---|---|---|---|---|---spec_prior
|---|---parents = usual
|---|---|---social = problematic
|---|---|---|---housing = convenient
|---|---|---|---|---finance = convenient
|---|---|---|---|---|---priority
|---|---|---|---|---finance = inconv
|---|---|---|---|---|---children = 1
|---|---|---|---|---|---|---form = completed
|---|---|---|---|---|---|---|---priority
|---|---|---|---|---|---|---form = foster
|---|---|---|---|---|---|---|---spec_prior
|---|---|---|---|---|---|---form = complete
|---|---|---|---|---|---|---|---priority
|---|---|---|---|---|---|---form = incomplete
|---|---|---|---|---|---|---|---priority
|---|---|---|---|---|---children = 3
|---|---|---|---|---|---|---spec_prior
|---|---|---|---|---|---children = 2
|---|---|---|---|---|---|---form = completed
|---|---|---|---|---|---|---|---priority
|---|---|---|---|---|---|---form = foster
|---|---|---|---|---|---|---|---spec_prior
|---|---|---|---|---|---|---form = complete
|---|---|---|---|---|---|---|---priority
|---|---|---|---|---|---|---form = incomplete
|---|---|---|---|---|---|---|---spec_prior
|---|---|---|---|---|---children = more
|---|---|---|---|---|---|---spec_prior
|---|---|---|---housing = critical
|---|---|---|---|---form = completed
|---|---|---|---|---|---spec_prior
|---|---|---|---|---form = foster
|---|---|---|---|---|---spec_prior
|---|---|---|---|---form = complete
|---|---|---|---|---|---children = 1
|---|---|---|---|---|---|---priority
|---|---|---|---|---|---children = 3
|---|---|---|---|---|---|---spec_prior
|---|---|---|---|---|---children = 2
|---|---|---|---|---|---|---spec_prior
|---|---|---|---|---|---children = more
|---|---|---|---|---|---|---spec_prior
|---|---|---|---|---form = incomplete
|---|---|---|---|---|---spec_prior
|---|---|---|---housing = less_conv
|---|---|---|---|---children = 1
|---|---|---|---|---|---form = completed
|---|---|---|---|---|---|---priority
|---|---|---|---|---|---form = foster
|---|---|---|---|---|---|---spec_prior
|---|---|---|---|---|---form = complete
|---|---|---|---|---|---|---priority
|---|---|---|---|---|---form = incomplete
|---|---|---|---|---|---|---priority
|---|---|---|---|---children = 3
|---|---|---|---|---|---spec_prior
|---|---|---|---|---children = 2
|---|---|---|---|---|---form = completed
|---|---|---|---|---|---|---priority
|---|---|---|---|---|---form = foster
|---|---|---|---|---|---|---spec_prior
|---|---|---|---|---|---form = complete
|---|---|---|---|---|---|---priority
|---|---|---|---|---|---form = incomplete
|---|---|---|---|---|---|---spec_prior
|---|---|---|---|---children = more
|---|---|---|---|---|---spec_prior
|---|---|---social = slightly_prob
|---|---|---|---priority
|---|---|---social = nonprob
|---|---|---|---priority
health = not_recom
|---not_recom
